<?xml version="1.0" encoding="UTF-8"?>
<testsuite name="com.travelchat.userchat.TravelChatApplicationTests" tests="1" skipped="0" failures="0" errors="0" timestamp="2023-09-19T16:57:39" hostname="DESKTOP-USLNI00" time="0.344">
  <properties/>
  <testcase name="contextLoads()" classname="com.travelchat.userchat.TravelChatApplicationTests" time="0.344"/>
  <system-out><![CDATA[19:57:20.379 [Test worker] INFO org.springframework.test.context.support.AnnotationConfigContextLoaderUtils -- Could not detect default configuration classes for test class [com.travelchat.userchat.TravelChatApplicationTests]: TravelChatApplicationTests does not declare any static, non-private, non-final, nested classes annotated with @Configuration.
19:57:20.580 [Test worker] INFO org.springframework.boot.test.context.SpringBootTestContextBootstrapper -- Found @SpringBootConfiguration com.travelchat.TravelChatApplication for test class com.travelchat.userchat.TravelChatApplicationTests

  .   ____          _            __ _ _
 /\\ / ___'_ __ _ _(_)_ __  __ _ \ \ \ \
( ( )\___ | '_ | '_| | '_ \/ _` | \ \ \ \
 \\/  ___)| |_)| | | | | || (_| |  ) ) ) )
  '  |____| .__|_| |_|_| |_\__, | / / / /
 =========|_|==============|___/=/_/_/_/
 :: Spring Boot ::                (v3.1.2)

2023-09-19T19:57:21.498+03:00  INFO 7000 --- [    Test worker] c.t.userchat.TravelChatApplicationTests  : Starting TravelChatApplicationTests using Java 17.0.6 with PID 7000 (started by adifi in E:\HOME\Travel\TravelChat)
2023-09-19T19:57:21.503+03:00  INFO 7000 --- [    Test worker] c.t.userchat.TravelChatApplicationTests  : No active profile set, falling back to 1 default profile: "default"
2023-09-19T19:57:23.286+03:00  INFO 7000 --- [    Test worker] .s.d.r.c.RepositoryConfigurationDelegate : Bootstrapping Spring Data JPA repositories in DEFAULT mode.
2023-09-19T19:57:23.450+03:00  INFO 7000 --- [    Test worker] .s.d.r.c.RepositoryConfigurationDelegate : Finished Spring Data repository scanning in 146 ms. Found 3 JPA repository interfaces.
2023-09-19T19:57:23.927+03:00  INFO 7000 --- [    Test worker] o.s.cloud.context.scope.GenericScope     : BeanFactory id=4c0ac7dd-43f5-3801-a88d-7c5bda41c137
2023-09-19T19:57:24.982+03:00  INFO 7000 --- [    Test worker] o.hibernate.jpa.internal.util.LogHelper  : HHH000204: Processing PersistenceUnitInfo [name: default]
2023-09-19T19:57:25.108+03:00  INFO 7000 --- [    Test worker] org.hibernate.Version                    : HHH000412: Hibernate ORM core version 6.2.6.Final
2023-09-19T19:57:25.111+03:00  INFO 7000 --- [    Test worker] org.hibernate.cfg.Environment            : HHH000406: Using bytecode reflection optimizer
2023-09-19T19:57:25.387+03:00  INFO 7000 --- [    Test worker] o.h.b.i.BytecodeProviderInitiator        : HHH000021: Bytecode provider name : bytebuddy
2023-09-19T19:57:25.617+03:00  INFO 7000 --- [    Test worker] o.s.o.j.p.SpringPersistenceUnitInfo      : No LoadTimeWeaver setup: ignoring JPA class transformer
2023-09-19T19:57:25.649+03:00  INFO 7000 --- [    Test worker] com.zaxxer.hikari.HikariDataSource       : HikariPool-1 - Starting...
2023-09-19T19:57:27.869+03:00  INFO 7000 --- [    Test worker] com.zaxxer.hikari.pool.HikariPool        : HikariPool-1 - Added connection org.postgresql.jdbc.PgConnection@4040ccae
2023-09-19T19:57:27.871+03:00  INFO 7000 --- [    Test worker] com.zaxxer.hikari.HikariDataSource       : HikariPool-1 - Start completed.
2023-09-19T19:57:29.182+03:00  INFO 7000 --- [    Test worker] o.h.b.i.BytecodeProviderInitiator        : HHH000021: Bytecode provider name : bytebuddy
2023-09-19T19:57:30.150+03:00  INFO 7000 --- [    Test worker] o.h.e.t.j.p.i.JtaPlatformInitiator       : HHH000490: Using JtaPlatform implementation: [org.hibernate.engine.transaction.jta.platform.internal.NoJtaPlatform]
2023-09-19T19:57:33.353+03:00  INFO 7000 --- [    Test worker] j.LocalContainerEntityManagerFactoryBean : Initialized JPA EntityManagerFactory for persistence unit 'default'
2023-09-19T19:57:34.083+03:00  INFO 7000 --- [    Test worker] o.s.d.j.r.query.QueryEnhancerFactory     : Hibernate is in classpath; If applicable, HQL parser will be used.
2023-09-19T19:57:35.760+03:00  WARN 7000 --- [    Test worker] JpaBaseConfiguration$JpaWebConfiguration : spring.jpa.open-in-view is enabled by default. Therefore, database queries may be performed during view rendering. Explicitly configure spring.jpa.open-in-view to disable this warning
2023-09-19T19:57:37.405+03:00  INFO 7000 --- [    Test worker] o.s.s.web.DefaultSecurityFilterChain     : Will secure any request with [org.springframework.security.web.session.DisableEncodeUrlFilter@323b4e2a, org.springframework.security.web.context.request.async.WebAsyncManagerIntegrationFilter@6a79a909, org.springframework.security.web.context.SecurityContextHolderFilter@6e6b556d, org.springframework.security.web.header.HeaderWriterFilter@4c89b58, org.springframework.web.filter.CorsFilter@721d3a03, org.springframework.security.web.authentication.logout.LogoutFilter@332e4784, org.springframework.security.oauth2.client.web.OAuth2AuthorizationRequestRedirectFilter@11cf1be7, org.springframework.security.oauth2.client.web.OAuth2LoginAuthenticationFilter@64513b46, com.travelchat.userchat.config.JwtAuthenticationFilter@6d0e242f, org.springframework.security.web.savedrequest.RequestCacheAwareFilter@35ef65e2, org.springframework.security.web.servletapi.SecurityContextHolderAwareRequestFilter@4b89b14a, org.springframework.security.web.authentication.AnonymousAuthenticationFilter@76d404ab, org.springframework.security.web.access.ExceptionTranslationFilter@68e4b277, org.springframework.security.web.access.intercept.AuthorizationFilter@de7abc9]
2023-09-19T19:57:39.030+03:00  INFO 7000 --- [    Test worker] c.t.userchat.TravelChatApplicationTests  : Started TravelChatApplicationTests in 18.157 seconds (process running for 20.272)
]]></system-out>
  <system-err><![CDATA[]]></system-err>
</testsuite>
